Environment at start of build:
ALLUSERSPROFILE = C:\ProgramData
APPDATA = C:\Users\Lilla Csernus\AppData\Roaming
CommonProgramFiles = C:\Program Files\Common Files
CommonProgramFiles(x86) = C:\Program Files (x86)\Common Files
CommonProgramW6432 = C:\Program Files\Common Files
COMPUTERNAME = DESKTOP-4GQJC79
ComSpec = C:\WINDOWS\system32\cmd.exe
DriverData = C:\Windows\System32\Drivers\DriverData
ForceIdentityAuthenticationType = Embedded
FPS_BROWSER_APP_PROFILE_STRING = Internet Explorer
FPS_BROWSER_USER_PROFILE_STRING = Default
HOMEDRIVE = C:
HOMEPATH = \Users\Lilla Csernus
LOCALAPPDATA = C:\Users\Lilla Csernus\AppData\Local
LOGONSERVER = \\DESKTOP-4GQJC79
MSBuildLoadMicrosoftTargetsReadOnly = true
NUMBER_OF_PROCESSORS = 12
OneDrive = C:\Users\Lilla Csernus\OneDrive
OneDriveConsumer = C:\Users\Lilla Csernus\OneDrive
OS = Windows_NT
Path = C:\Windows\system32;C:\Windows;C:\Windows\System32\Wbem;C:\Windows\System32\WindowsPowerShell\v1.0\;C:\Windows\System32\OpenSSH\;C:\Program Files (x86)\NVIDIA Corporation\PhysX\Common;C:\Program Files\NVIDIA Corporation\NVIDIA NvDLISR;C:\Program Files (x86)\PuTTY\;C:\Program Files (x86)\Windows Kits\8.1\Windows Performance Toolkit\;C:\Program Files (x86)\Pico Technology\PicoScope6\;C:\WINDOWS\system32;C:\WINDOWS;C:\WINDOWS\System32\Wbem;C:\WINDOWS\System32\WindowsPowerShell\v1.0\;C:\WINDOWS\System32\OpenSSH\;C:\Program Files\dotnet\;C:\Users\Lilla Csernus\AppData\Local\Microsoft\WindowsApps;;C:\Users\Lilla Csernus\AppData\Local\Programs\Microsoft VS Code\bin
PATHEXT = .COM;.EXE;.BAT;.CMD;.VBS;.VBE;.JS;.JSE;.WSF;.WSH;.MSC
PkgDefApplicationConfigFile = C:\Users\Lilla Csernus\AppData\Local\Microsoft\VisualStudio\17.0_1f411fc3\devenv.exe.config
PROCESSOR_ARCHITECTURE = AMD64
PROCESSOR_IDENTIFIER = Intel64 Family 6 Model 165 Stepping 2, GenuineIntel
PROCESSOR_LEVEL = 6
PROCESSOR_REVISION = a502
ProgramData = C:\ProgramData
ProgramFiles = C:\Program Files
ProgramFiles(x86) = C:\Program Files (x86)
ProgramW6432 = C:\Program Files
PSModulePath = C:\Program Files\WindowsPowerShell\Modules;C:\WINDOWS\system32\WindowsPowerShell\v1.0\Modules
PUBLIC = C:\Users\Public
ServiceHubLogSessionKey = FD608E72
SESSIONNAME = Console
SignInWithHomeTenantOnly = False
SW_SIM_HYDRA = C:\Program Files\Common Files\SolidWorks Shared\Simulation Worker Agent\
SW_SIM_MPIT = INTELMPI
SW_SIM_TEMP = C:\ProgramData\SOLIDWORKS\SW_net_sim_temp\
SystemDrive = C:
SystemRoot = C:\WINDOWS
TEMP = C:\Users\LILLAC~1\AppData\Local\Temp
ThreadedWaitDialogDpiContext = -4
TMP = C:\Users\LILLAC~1\AppData\Local\Temp
USERDOMAIN = DESKTOP-4GQJC79
USERDOMAIN_ROAMINGPROFILE = DESKTOP-4GQJC79
USERNAME = Lilla Csernus
USERPROFILE = C:\Users\Lilla Csernus
VBOX_MSI_INSTALL_PATH = C:\Program Files\Oracle\VirtualBox\
VisualStudioDir = C:\Users\Lilla Csernus\Documents\Visual Studio 2022
VisualStudioEdition = Microsoft Visual Studio Community 2022
VisualStudioVersion = 17.0
VSAPPIDDIR = C:\Program Files\Microsoft Visual Studio\2022\Community\Common7\IDE\
VSAPPIDNAME = devenv.exe
VSLANG = 1033
VSSKUEDITION = Community
windir = C:\WINDOWS
ZES_ENABLE_SYSMAN = 1

  RansomNote.cpp
  C++ Tasks.vcxproj -> C:\Users\Lilla Csernus\Documents\C++ Tasks\x64\Debug\C++ Tasks.exe

Project Performance Summary:
      802 ms  C:\Users\Lilla Csernus\Documents\C++ Tasks\C++ Tasks\C++ Tasks.vcxproj   1 calls
                802 ms  Build                                      1 calls

Target Performance Summary:
        0 ms  AfterBuildCompileEvent                     1 calls
        0 ms  _Manifest                                  1 calls
        0 ms  _ALink                                     1 calls
        0 ms  _Link                                      1 calls
        0 ms  AfterLink                                  1 calls
        0 ms  ComputeLinkImportLibraryOutputsForClean    1 calls
        0 ms  ComputeLinkSwitches                        1 calls
        0 ms  PreLinkEvent                               1 calls
        0 ms  MakeDirsForLink                            1 calls
        0 ms  PrepareResourceNames                       1 calls
        0 ms  CreateCustomManifestResourceNames          1 calls
        0 ms  AssignTargetPaths                          1 calls
        0 ms  RegisterOutput                             1 calls
        0 ms  ComputeManifestInputsTargets               1 calls
        0 ms  ComputeCLGeneratedLinkInputs               1 calls
        0 ms  ComputeCLOutputs                           1 calls
        0 ms  ComputeManifestGeneratedLinkerInputs       1 calls
        0 ms  ComputeRCGeneratedLinkInputs               1 calls
        0 ms  ComputeRCOutputs                           1 calls
        0 ms  BeforeLink                                 1 calls
        0 ms  ComputeLegacyManifestEmbedding             1 calls
        0 ms  BuildCompile                               1 calls
        0 ms  _BuildCompileAction                        1 calls
        0 ms  _ResourceCompile                           1 calls
        0 ms  AfterResourceCompile                       1 calls
        0 ms  ComputeLinkInputsFromProject               1 calls
        0 ms  MakeDirsForResourceCompile                 1 calls
        0 ms  ResolvedXDCMake                            1 calls
        0 ms  _XdcMake                                   1 calls
        0 ms  IncrementalClean                           1 calls
        0 ms  AfterBuild                                 1 calls
        0 ms  BuildLink                                  1 calls
        0 ms  _BuildLinkAction                           1 calls
        0 ms  PostBuildEvent                             1 calls
        0 ms  PrepareForRun                              1 calls
        0 ms  CopyFilesToOutputDirectory                 1 calls
        0 ms  _CheckForCompileOutputs                    1 calls
        0 ms  _CopySourceItemsToOutputDirectory          1 calls
        0 ms  _GetCopyToOutputDirectoryItemsFromThisProject   1 calls
        0 ms  _GetCopyToOutputDirectoryItemsFromTransitiveProjectReferences   1 calls
        0 ms  MakeDirsForXdcMake                         1 calls
        0 ms  GetCopyToOutputDirectoryXamlAppDefs        1 calls
        0 ms  _Deploy                                    1 calls
        0 ms  _Appverifier                               1 calls
        0 ms  CreateSatelliteAssemblies                  1 calls
        0 ms  _GenerateSatelliteAssemblyInputs           1 calls
        0 ms  ContentFilesProjectOutputGroup             1 calls
        0 ms  MakeDirsForFxc                             1 calls
        0 ms  SatelliteDllsProjectOutputGroup            1 calls
        0 ms  BuiltProjectOutputGroup                    1 calls
        0 ms  _BscMake                                   1 calls
        0 ms  MakeDirsForBscMake                         1 calls
        0 ms  ComputeCLCompileGeneratedSbrFiles          1 calls
        0 ms  _PopulateCommonStateForGetCopyToOutputDirectoryItems   1 calls
        0 ms  BeforeResourceCompile                      1 calls
        0 ms  Build                                      1 calls
        0 ms  AfterClCompile                             1 calls
        0 ms  _SelectedFiles                             1 calls
        0 ms  _ClCompile                                 1 calls
        0 ms  BeforeBuildGenerateSources                 1 calls
        0 ms  BuildGenerateSourcesTraverse               1 calls
        0 ms  ResolveReferences                          1 calls
        0 ms  AfterResolveReferences                     1 calls
        0 ms  ExpandSDKReferences                        1 calls
        0 ms  ResolveSDKReferences                       1 calls
        0 ms  _CheckWindowsSDKInstalled                  1 calls
        0 ms  GetResolvedWinMD                           1 calls
        0 ms  SetBuildDefaultEnvironmentVariables        1 calls
        0 ms  AddExternalIncludDirectoriesToPaths        1 calls
        0 ms  GetReferenceAssemblyPaths                  1 calls
        0 ms  GetFrameworkPaths                          1 calls
        0 ms  ResolveProjectReferences                   1 calls
        0 ms  PrepareProjectReferences                   1 calls
        0 ms  _GetProjectReferenceTargetFrameworkProperties   1 calls
        0 ms  _AddOutputPathToGlobalPropertiesToRemove   1 calls
        0 ms  _SplitProjectReferencesByFileExistence     1 calls
        0 ms  AssignProjectConfiguration                 1 calls
        0 ms  BeforeResolveReferences                    1 calls
        0 ms  _PrepareForBuild                           1 calls
        0 ms  SetTelemetryEnvironmentVariables           1 calls
        0 ms  SelectCustomBuild                          1 calls
        0 ms  ComputeCustomBuildOutput                   1 calls
        0 ms  PreBuildEvent                              1 calls
        0 ms  BuildGenerateSources                       1 calls
        0 ms  BeforeClCompile                            1 calls
        0 ms  BuildCompileTraverse                       1 calls
        0 ms  CopyFileToFolders                          1 calls
        0 ms  _BuildGenerateSourcesAction                1 calls
        0 ms  GetReferencedVCProjectsInfo                1 calls
        0 ms  ComputeReferenceCLInput                    1 calls
        0 ms  AfterBuildGenerateSourcesEvent             1 calls
        0 ms  WarnCompileDuplicatedFilename              1 calls
        0 ms  FindReferenceAssembliesForReferences       1 calls
        0 ms  FixupCLCompileOptions                      1 calls
        0 ms  _Midl                                      1 calls
        0 ms  AfterMidl                                  1 calls
        0 ms  ComputeMIDLGeneratedCompileInputs          1 calls
        0 ms  MakeDirsForMidl                            1 calls
        0 ms  SelectClCompile                            1 calls
        0 ms  _Xsd                                       1 calls
        0 ms  AfterBuildGenerateSources                  1 calls
        1 ms  DoLinkOutputFilesMatch                     1 calls
        1 ms  SetCABuildNativeEnvironmentVariables       1 calls
        1 ms  InitializeBuildStatus                      1 calls
        1 ms  GetCopyToOutputDirectoryItems              1 calls
        1 ms  FinalizeBuildStatus                        1 calls
        1 ms  CustomBuild                                1 calls
        1 ms  _CheckForInvalidConfigurationAndPlatform   1 calls
        1 ms  ComputeCLCompileGeneratedXDCFiles          1 calls
        1 ms  ComputeCLInputPDBName                      1 calls
        1 ms  CreateRecipeFile                           1 calls
        1 ms  ResolveAssemblyReferences                  1 calls
        1 ms  _PrepareForReferenceResolution             1 calls
        1 ms  PrepareForBuild                            1 calls
        1 ms  _CleanGetCurrentAndPriorFileWrites         1 calls
        1 ms  MakeDirsForCl                              1 calls
        1 ms  BuildLinkTraverse                          1 calls
        1 ms  SplitResourcesByCulture                    1 calls
      190 ms  Link                                       1 calls
      594 ms  ClCompile                                  1 calls

Task Performance Summary:
        0 ms  Message                                    3 calls
        0 ms  FindUnderPath                              5 calls
        0 ms  ConvertToAbsolutePath                      1 calls
        0 ms  AssignTargetPath                           7 calls
        0 ms  RemoveDuplicates                           2 calls
        0 ms  WriteLinesToFile                           1 calls
        0 ms  Delete                                     2 calls
        0 ms  CheckVCToolsetVersion                      1 calls
        0 ms  MSBuild                                    1 calls
        0 ms  AssignProjectConfiguration                 1 calls
        0 ms  ReadLinesFromFile                          2 calls
        1 ms  SetEnv                                     9 calls
        1 ms  Touch                                      2 calls
        1 ms  CallTarget                                 2 calls
        1 ms  GetOutOfDateItems                          3 calls
        1 ms  GenerateDesktopDeployRecipe                1 calls
        1 ms  MakeDir                                   10 calls
        1 ms  AssignCulture                              1 calls
      190 ms  Link                                       1 calls
      594 ms  CL                                         1 calls
